---------------------------------------------------------------------------------------
Number of samples:   600
---------------------------------------------------------------------------------------
Parameter name      Parameter range                 Sampling bounds
i_Stator_OD
                    [360 / 440]                     [360.067 / 439.933] 
i_Tooth_Width_Ratio
                    [0.54 / 0.66]                   [0.5401 / 0.6599] 
i_Split_Ratio
                    [0.63 / 0.77]                   [0.630117 / 0.769883] 
i_Slot_Op_Ratio
                    [0.72 / 0.88]                   [0.720133 / 0.879867] 
i_Active_Length
                    [117 / 143]                     [117.022 / 142.978] 
L2_Web_Thickness
                    [0.621 / 0.759]                 [0.621115 / 0.758885] 
L2_Web_Length
                    [0.0576 / 0.0704]               [0.0576107 / 0.0703893] 
L2_Pole_Arc
                    [0.225 / 0.275]                 [0.225042 / 0.274958] 
L2_Magnet_Thickness
                    [4.86 / 5.94]                   [4.8609 / 5.9391] 
L2_Magnet_Separation
                    [-1 / 1]                        [-0.998333 / 0.998333] 
L2_Magnet_Segments
                    [0.9 / 1.1]                     [0.900167 / 1.09983] 
L2_Magnet_Post
                    [-1 / 1]                        [-0.998333 / 0.998333] 
L2_Magnet_Bar_Width
                    [0.72 / 0.88]                   [0.720133 / 0.879867] 
L2_Bridge_Thickness
                    [1.35 / 1.65]                   [1.35025 / 1.64975] 
L1_Web_Thickness
                    [0.135 / 0.165]                 [0.135025 / 0.164975] 
L1_Web_Length
                    [0.0936 / 0.1144]               [0.0936173 / 0.114383] 
L1_Pole_V_angle
                    [100.8 / 123.2]                 [100.819 / 123.181] 
L1_Pole_Arc
                    [0.81 / 0.99]                   [0.81015 / 0.98985] 
L1_Magnet_Thickness
                    [4.68 / 5.72]                   [4.68087 / 5.71913] 
L1_Magnet_Separation
                    [5.58 / 6.82]                   [5.58103 / 6.81897] 
L1_Magnet_Segments
                    [0.9 / 1.1]                     [0.900167 / 1.09983] 
L1_Magnet_Post
                    [1.35 / 1.65]                   [1.35025 / 1.64975] 
L1_Magnet_Bar_Width
                    [0.828 / 1.012]                 [0.828153 / 1.01185] 
L1_Bridge_Thickness
                    [1.62 / 1.98]                   [1.6203 / 1.9797] 
i_YtoT
                    [2.25 / 2.75]                   [2.25042 / 2.74958] 
i_TurnLab
                    [9.9 / 12.1]                    [9.90183 / 12.0982] 
---------------------------------------------------------------------------------------
 
Max. responses in parallel: 4

Response                Model                                                 No. parameter No. coefficients          CoD adjusted           CoP
o_LabCurrentJ       Linear Regression of order 1 (no mixed terms)                4               5                 0.321         0.314
o_LabCurrentJ       Linear Regression of order 1 (with mixed terms)              5              16                 0.343         0.311
o_LabCurrentJ       Linear Regression of order 2 (with mixed terms, BoxCox)      5              21                 0.525         0.509
o_Op1_copper_area   Linear Regression of order 1 (no mixed terms)                3               4                 0.352         0.347
o_Op1_copper_area   Linear Regression of order 1 (with mixed terms)              3               7                 0.350         0.337
o_Op1_copper_area   Linear Regression of order 2 (with mixed terms, BoxCox)      5              21                 0.558         0.538
o_Maxtorque         Linear Regression of order 1 (no mixed terms)                3               4                 0.226         0.220
o_Maxtorque         Linear Regression of order 1 (with mixed terms)              4              11                 0.245         0.219
o_Maxtorque         Linear Regression of order 2 (with mixed terms, BoxCox)      5              21                 0.480         0.457
o_Op1_Jrms          Linear Regression of order 1 (no mixed terms)                4               5                 0.449         0.445
o_Op1_Jrms          Linear Regression of order 1 (with mixed terms)              4              11                 0.458         0.437
o_Op1_Jrms          Linear Regression of order 2 (with mixed terms)              4              11                 0.598         0.586
o_LabCurrentJ       Moving Least Squares of order 1 (exponential weight, BoxCox) 2               3                 0.824         0.771
o_LabCurrentJ       Moving Least Squares of order 2 (exponential weight, BoxCox) 2               5                 0.798         0.768
o_Op1_copper_area   Moving Least Squares of order 1 (exponential weight, BoxCox) 2               3                 0.824         0.778
o_Op1_copper_area   Moving Least Squares of order 2 (exponential weight, BoxCox) 3               7                 0.883         0.808
o_Op1_Jrms          Moving Least Squares of order 1 (exponential weight)         2               3                 0.828         0.789
o_Op1_Jrms          Moving Least Squares of order 2 (exponential weight)         2               5                 0.838         0.803
o_LabCurrentJ       Kriging (isotropic kernel)                                   2               1                 0.823         0.774
o_Op1_ipk           Linear Regression of order 1 (no mixed terms)                3               4                 0.284         0.278
o_Op1_ipk           Linear Regression of order 1 (with mixed terms)              4              11                 0.309         0.277
o_Op1_ipk           Linear Regression of order 2 (with mixed terms, BoxCox)      4              15                 0.485         0.465
o_Op1_copper_area   Kriging (isotropic kernel)                                   2               1                 0.832         0.790
o_Op2_Jrms          Linear Regression of order 1 (no mixed terms)                4               5                 0.425         0.419
o_Op2_Jrms          Linear Regression of order 1 (with mixed terms)              3               7                 0.414         0.402
o_Op2_Jrms          Linear Regression of order 2 (with mixed terms, BoxCox)      4              11                 0.582         0.572
o_Op1_Jrms          Kriging (isotropic kernel)                                   2               1                 0.834         0.801
o_Op2_copper_area   Linear Regression of order 1 (no mixed terms)                3               4                 0.351         0.345
o_Op2_copper_area   Linear Regression of order 1 (with mixed terms)              3               7                 0.349         0.330
o_Op2_copper_area   Linear Regression of order 2 (with mixed terms, BoxCox)      3              10                 0.528         0.517
o_Maxtorque         Moving Least Squares of order 1 (exponential weight)         1               2                 0.863         0.840
o_Maxtorque         Moving Least Squares of order 2 (exponential weight)         1               3                 0.867         0.842
o_Maxtorque         Kriging (isotropic kernel)                                   1               1                 0.871         0.843
o_Op2_ipk           Linear Regression of order 1 (no mixed terms)                3               4                 0.261         0.255
o_Op2_ipk           Linear Regression of order 1 (with mixed terms)              4              11                 0.290         0.268
o_Op2_ipk           Linear Regression of order 2 (with mixed terms, BoxCox)      4              15                 0.480         0.469
o_Op2_copper_area   Moving Least Squares of order 1 (exponential weight, BoxCox) 2               3                 0.824         0.768
o_Op2_copper_area   Moving Least Squares of order 2 (exponential weight, BoxCox) 2               5                 0.800         0.769
o_Op2_Jrms          Moving Least Squares of order 1 (exponential weight, BoxCox) 2               3                 0.837         0.788
o_Op2_Jrms          Moving Least Squares of order 2 (exponential weight, BoxCox) 2               5                 0.815         0.787
o_Op2_copper_area   Kriging (isotropic kernel)                                   2               1                 0.832         0.773
o_Op2_max_temp      Linear Regression of order 1 (no mixed terms)                3               4                 0.341         0.335
o_Op2_max_temp      Linear Regression of order 1 (with mixed terms)              3               7                 0.347         0.327
o_Op2_max_temp      Linear Regression of order 2 (no mixed terms)                3               7                 0.517         0.512
o_Op2_Jrms          Kriging (isotropic kernel)                                   2               1                 0.837         0.791
o_Op3_Jrms          Linear Regression of order 1 (no mixed terms)                5               6                 0.336         0.328
o_Op3_Jrms          Linear Regression of order 1 (with mixed terms)              4              11                 0.329         0.311
o_Op3_Jrms          Linear Regression of order 2 (with mixed terms, BoxCox)      5              21                 0.539         0.521
o_Op1_ipk           Moving Least Squares of order 1 (exponential weight)         1               2                 0.807         0.774
o_Op1_ipk           Moving Least Squares of order 2 (exponential weight)         1               3                 0.794         0.767
o_Op1_ipk           Kriging (isotropic kernel)                                   1               1                 0.810         0.773
o_Op3_copper_area   Linear Regression of order 1 (no mixed terms)                3               4                 0.352         0.347
o_Op3_copper_area   Linear Regression of order 1 (with mixed terms)              3               7                 0.350         0.337
o_Op3_copper_area   Linear Regression of order 2 (with mixed terms, BoxCox)      5              21                 0.558         0.538
o_Op2_ipk           Moving Least Squares of order 1 (exponential weight)         1               2                 0.830         0.803
o_Op2_ipk           Moving Least Squares of order 2 (exponential weight)         1               3                 0.834         0.805
o_Op2_max_temp      Moving Least Squares of order 1 (exponential weight, BoxCox) 2               3                 0.822         0.768
o_Op2_max_temp      Moving Least Squares of order 2 (exponential weight, BoxCox) 2               5                 0.799         0.768
o_Op3_Jrms          Moving Least Squares of order 1 (exponential weight, BoxCox) 1               2                 0.754         0.726
o_Op3_Jrms          Moving Least Squares of order 2 (exponential weight, BoxCox) 1               3                 0.758         0.730
o_Op3_copper_area   Moving Least Squares of order 1 (exponential weight, BoxCox) 2               3                 0.824         0.778
o_Op3_copper_area   Moving Least Squares of order 2 (exponential weight, BoxCox) 3               7                 0.883         0.808
o_Op2_max_temp      Kriging (isotropic kernel, BoxCox)                           3               1                 0.868         0.783
o_Op3_ipk           Linear Regression of order 1 (no mixed terms)                1               2                 0.150         0.147
o_Op3_ipk           Linear Regression of order 1 (with mixed terms)              2               4                 0.176         0.163
o_Op3_ipk           Linear Regression of order 2 (with mixed terms, BoxCox)      3              10                 0.414         0.400
o_Op2_ipk           Kriging (isotropic kernel)                                   1               1                 0.838         0.805
o_TorqueVolumeDensity Linear Regression of order 1 (no mixed terms)                2               3                 0.153         0.148
o_TorqueVolumeDensity Linear Regression of order 1 (with mixed terms)              3               7                 0.175         0.165
o_TorqueVolumeDensity Linear Regression of order 2 (with mixed terms, BoxCox)      5              21                 0.429         0.405
o_Op3_Jrms          Kriging (isotropic kernel)                                   1               1                 0.769         0.737
o_TorqueWeightDensity Linear Regression of order 1 (no mixed terms)                2               3                 0.169         0.163
o_TorqueWeightDensity Linear Regression of order 1 (with mixed terms)              2               4                 0.170         0.157
o_TorqueWeightDensity Linear Regression of order 2 (with mixed terms, BoxCox)      5              21                 0.441         0.418
o_Op3_copper_area   Kriging (isotropic kernel)                                   2               1                 0.832         0.790
o_Weight_Act        Linear Regression of order 1 (no mixed terms)                3               4                 0.352         0.344
o_Weight_Act        Linear Regression of order 1 (with mixed terms)              3               7                 0.350         0.338
o_Weight_Act        Linear Regression of order 2 (with mixed terms, BoxCox)      4              15                 0.540         0.523
o_Weight_Act        Moving Least Squares of order 1 (exponential weight)         2               3                 0.932         0.863
o_Weight_Act        Moving Least Squares of order 2 (exponential weight)         2               5                 0.869         0.835
o_TorqueVolumeDensity Moving Least Squares of order 1 (exponential weight)         1               2                 0.939         0.917
o_TorqueVolumeDensity Moving Least Squares of order 2 (exponential weight)         1               3                 0.941         0.918
o_Op3_ipk           Moving Least Squares of order 1 (exponential weight)         1               2                 0.981         0.969
o_Op3_ipk           Moving Least Squares of order 2 (exponential weight)         1               3                 0.982         0.969
o_Weight_Act        Kriging (isotropic kernel)                                   2               1                 0.867         0.835
o_Weight_Mag        Linear Regression of order 1 (no mixed terms)                4               5                 0.185         0.175
o_Weight_Mag        Linear Regression of order 1 (with mixed terms)              4              11                 0.189         0.164
o_Weight_Mag        Linear Regression of order 2 (with mixed terms, BoxCox)      8              45                 0.457         0.401
o_TorqueVolumeDensity Kriging (isotropic kernel)                                   1               1                 0.937         0.915
o_Weight_Rot_Core   Linear Regression of order 1 (no mixed terms)                3               4                 0.418         0.412
o_Weight_Rot_Core   Linear Regression of order 1 (with mixed terms)              3               7                 0.418         0.406
o_Weight_Rot_Core   Linear Regression of order 2 (with mixed terms, BoxCox)      4              15                 0.587         0.572
o_TorqueWeightDensity Moving Least Squares of order 1 (exponential weight)         1               2                 0.910         0.889
o_TorqueWeightDensity Moving Least Squares of order 2 (exponential weight)         1               3                 0.901         0.885
o_Op3_ipk           Kriging (isotropic kernel)                                   1               1                 0.976         0.965
o_Wh_Loss           Linear Regression of order 1 (no mixed terms)                2               3                 0.206         0.200
o_Wh_Loss           Linear Regression of order 1 (with mixed terms)              3               7                 0.222         0.205
o_Wh_Loss           Linear Regression of order 2 (with mixed terms, BoxCox)      5              21                 0.468         0.443
o_TorqueWeightDensity Kriging (isotropic kernel)                                   1               1                 0.912         0.887
o_Wh_Shaft          Linear Regression of order 1 (no mixed terms)                1               2                 0.179         0.176
o_Wh_Shaft          Linear Regression of order 1 (with mixed terms)              2               4                 0.203         0.197
o_Wh_Shaft          Linear Regression of order 2 (with mixed terms)              2               6                 0.417         0.408
o_Weight_Rot_Core   Moving Least Squares of order 1 (exponential weight)         2               3                 0.900         0.850
o_Weight_Rot_Core   Moving Least Squares of order 2 (exponential weight)         2               5                 0.876         0.843
o_Wh_Shaft          Moving Least Squares of order 1 (exponential weight)         1               2                 0.991         0.983
o_Wh_Shaft          Moving Least Squares of order 2 (exponential weight)         1               3                 0.989         0.982
o_Weight_Mag        Moving Least Squares of order 1 (exponential weight)         1               2                 0.874         0.850
o_Weight_Mag        Moving Least Squares of order 2 (exponential weight)         1               3                 0.865         0.846
o_Wh_Shaft          Kriging (isotropic kernel)                                   1               1                 0.986         0.978
o_Weight_Rot_Core   Kriging (isotropic kernel)                                   2               1                 0.872         0.843
o_Wh_input          Linear Regression of order 1 (no mixed terms)                1               2                 0.176         0.173
o_Wh_input          Linear Regression of order 1 (with mixed terms)              1               2                 0.176         0.173
o_Wh_input          Linear Regression of order 2 (with mixed terms, BoxCox)      7              36                 0.462         0.425
o_Wh_Loss           Moving Least Squares of order 1 (exponential weight)         1               2                 0.895         0.872
o_Wh_Loss           Moving Least Squares of order 2 (exponential weight)         1               3                 0.884         0.867
o_Weight_Mag        Kriging (isotropic kernel)                                   1               1                 0.869         0.847
o_Wh_Loss           Kriging (isotropic kernel)                                   1               1                 0.896         0.871
o_Wh_input          Moving Least Squares of order 1 (exponential weight)         1               2                 0.991         0.982
o_Wh_input          Moving Least Squares of order 2 (exponential weight)         1               3                 0.989         0.982
o_Wh_input          Kriging (isotropic kernel)                                   1               1                 0.986         0.977
 
----------------------------------- Best Metamodels ----------------------------------- 
 
Response                Model                                                 No. parameter No. coefficients          CoD adjusted           CoP
o_LabCurrentJ         Kriging (isotropic kernel)                                   2               1                 0.823         0.774
o_Maxtorque           Kriging (isotropic kernel)                                   1               1                 0.871         0.843
o_Op1_Jrms            Kriging (isotropic kernel)                                   2               1                 0.834         0.801
o_Op1_copper_area     Moving Least Squares of order 2 (exponential weight, BoxCox) 3               7                 0.883         0.808
o_Op1_ipk             Kriging (isotropic kernel)                                   1               1                 0.810         0.773
o_Op2_Jrms            Kriging (isotropic kernel)                                   2               1                 0.837         0.791
o_Op2_copper_area     Kriging (isotropic kernel)                                   2               1                 0.832         0.773
o_Op2_ipk             Kriging (isotropic kernel)                                   1               1                 0.838         0.805
o_Op2_max_temp        Kriging (isotropic kernel, BoxCox)                           3               1                 0.868         0.783
o_Op3_Jrms            Kriging (isotropic kernel)                                   1               1                 0.769         0.737
o_Op3_copper_area     Moving Least Squares of order 2 (exponential weight, BoxCox) 3               7                 0.883         0.808
o_Op3_ipk             Kriging (isotropic kernel)                                   1               1                 0.976         0.965
o_TorqueVolumeDensity Kriging (isotropic kernel)                                   1               1                 0.937         0.915
o_TorqueWeightDensity Kriging (isotropic kernel)                                   1               1                 0.912         0.887
o_Weight_Act          Moving Least Squares of order 1 (exponential weight)         2               3                 0.932         0.863
o_Weight_Mag          Kriging (isotropic kernel)                                   1               1                 0.869         0.847
o_Weight_Rot_Core     Kriging (isotropic kernel)                                   2               1                 0.872         0.843
o_Wh_Loss             Kriging (isotropic kernel)                                   1               1                 0.896         0.871
o_Wh_Shaft            Kriging (isotropic kernel)                                   1               1                 0.986         0.978
o_Wh_input            Kriging (isotropic kernel)                                   1               1                 0.986         0.977
 
---------------------------- Relative frequency of importance ----------------------------- 
 
i_Stator_OD:          45 %
i_Tooth_Width_Ratio:  10 %
i_Split_Ratio:        0 %
i_Slot_Op_Ratio:      0 %
i_Active_Length:      5 %
L2_Web_Thickness:     0 %
L2_Web_Length:        0 %
L2_Pole_Arc:          0 %
L2_Magnet_Thickness:  0 %
L2_Magnet_Separation: 0 %
L2_Magnet_Segments:   0 %
L2_Magnet_Post:       0 %
L2_Magnet_Bar_Width:  0 %
L2_Bridge_Thickness:  0 %
L1_Web_Thickness:     0 %
L1_Web_Length:        0 %
L1_Pole_V_angle:      0 %
L1_Pole_Arc:          0 %
L1_Magnet_Thickness:  0 %
L1_Magnet_Separation: 0 %
L1_Magnet_Segments:   0 %
L1_Magnet_Post:       0 %
L1_Magnet_Bar_Width:  100 %
L1_Bridge_Thickness:  0 %
i_YtoT:               0 %
i_TurnLab:            0 %
